<?xml version="1.0" encoding="UTF-8"?>
<testng-results ignored="0" total="1" passed="1" failed="0" skipped="0">
  <reporter-output>
    <line>
      <![CDATA[August 2023 QA Bootcamp <-----> has been put into <-----> [[ChromeDriver: chrome on windows (bf7a708fe3a7f041e79347beaf149c90)] -> name: user-d]<br>]]>
    </line>
    <line>
      <![CDATA[Enthrall@042023 <-----> has been put into <-----> [[ChromeDriver: chrome on windows (bf7a708fe3a7f041e79347beaf149c90)] -> name: pass-d]<br>]]>
    </line>
    <line>
      <![CDATA[[[ChromeDriver: chrome on windows (bf7a708fe3a7f041e79347beaf149c90)] -> xpath: //label[@id='cms-label-tc']]<---------> has been clicked<br>]]>
    </line>
    <line>
      <![CDATA[[[ChromeDriver: chrome on windows (bf7a708fe3a7f041e79347beaf149c90)] -> id: cms-login-submit]<---------> has been clicked<br>]]>
    </line>
  </reporter-output>
  <suite started-at="2023-12-05T22:00:16 EST" name="Default suite" finished-at="2023-12-05T22:00:44 EST" duration-ms="28398">
    <groups>
    </groups>
    <test started-at="2023-12-05T22:00:16 EST" name="Default test" finished-at="2023-12-05T22:00:44 EST" duration-ms="28398">
      <class name="pages.HomePageTest">
        <test-method is-config="true" signature="setUP()[pri:0, instance:pages.HomePageTest@7c711375]" started-at="2023-12-05T22:00:16 EST" name="setUP" finished-at="2023-12-05T22:00:29 EST" duration-ms="12888" status="PASS">
          <reporter-output>
          </reporter-output>
        </test-method> <!-- setUP -->
        <test-method signature="inputTextInUserIdAndPasswordFieldThenClickLoginButtonTest()[pri:0, instance:pages.HomePageTest@7c711375]" started-at="2023-12-05T22:00:29 EST" name="inputTextInUserIdAndPasswordFieldThenClickLoginButtonTest" finished-at="2023-12-05T22:00:44 EST" duration-ms="15299" status="PASS">
          <reporter-output>
            <line>
              <![CDATA[August 2023 QA Bootcamp <-----> has been put into <-----> [[ChromeDriver: chrome on windows (bf7a708fe3a7f041e79347beaf149c90)] -> name: user-d]<br>]]>
            </line>
            <line>
              <![CDATA[Enthrall@042023 <-----> has been put into <-----> [[ChromeDriver: chrome on windows (bf7a708fe3a7f041e79347beaf149c90)] -> name: pass-d]<br>]]>
            </line>
            <line>
              <![CDATA[[[ChromeDriver: chrome on windows (bf7a708fe3a7f041e79347beaf149c90)] -> xpath: //label[@id='cms-label-tc']]<---------> has been clicked<br>]]>
            </line>
            <line>
              <![CDATA[[[ChromeDriver: chrome on windows (bf7a708fe3a7f041e79347beaf149c90)] -> id: cms-login-submit]<---------> has been clicked<br>]]>
            </line>
          </reporter-output>
        </test-method> <!-- inputTextInUserIdAndPasswordFieldThenClickLoginButtonTest -->
        <test-method is-config="true" signature="tearUp()[pri:0, instance:pages.HomePageTest@7c711375]" started-at="2023-12-05T22:00:44 EST" name="tearUp" finished-at="2023-12-05T22:00:44 EST" duration-ms="186" status="PASS">
          <reporter-output>
          </reporter-output>
        </test-method> <!-- tearUp -->
      </class> <!-- pages.HomePageTest -->
    </test> <!-- Default test -->
  </suite> <!-- Default suite -->
</testng-results>
